=================================================================================================
Thu Oct 15 13:48:46 PDT 2015
Starting script for KPI reports: agg ...
-------------------------------------------------------------------------------------------------
TRANSFORMATION (agg) :  Thu Oct 15 13:48:46 PDT 2015
-------------------------------------------------------------------------------------------------
Running agg_etl.sql.
psql:/Users/kevinchiou/oracle/agg/sql/agg_etl.sql:9: SSL SYSCALL error: Operation timed out
psql:/Users/kevinchiou/oracle/agg/sql/agg_etl.sql:12: SSL SYSCALL error: EOF detected
psql:/Users/kevinchiou/oracle/agg/sql/agg_etl.sql:12: connection to server was lost
-------------------------------------------------------------------------------------------------
REPORTS - Run the SQL Reports (agg) :  Thu Oct 15 15:59:15 PDT 2015
-------------------------------------------------------------------------------------------------
-------------------------------------------------------------------------------------------------
REPORTS - Move and Transpose the Report Datasets (agg) :  Thu Oct 15 16:01:06 PDT 2015
-------------------------------------------------------------------------------------------------
-------------------------------------------------------------------------------------------------
PRODUCTIONALIZE - Copy Dashboard files for Production (agg) :  Thu Oct 15 16:01:06 PDT 2015
-------------------------------------------------------------------------------------------------
-------------------------------------------------------------------------------------------------
CLEANUP - Clean the tables created via ETL (agg) :  Thu Oct 15 16:01:06 PDT 2015
-------------------------------------------------------------------------------------------------
=================================================================================================
Thu Oct 15 16:16:21 PDT 2015
Starting script for KPI reports: agg ...
-------------------------------------------------------------------------------------------------
TRANSFORMATION (agg) :  Thu Oct 15 16:16:21 PDT 2015
-------------------------------------------------------------------------------------------------
Running agg_etl.sql.
psql:/Users/kevinchiou/oracle/agg/sql/agg_etl.sql:9: SSL SYSCALL error: Operation timed out
psql:/Users/kevinchiou/oracle/agg/sql/agg_etl.sql:12: SSL SYSCALL error: EOF detected
psql:/Users/kevinchiou/oracle/agg/sql/agg_etl.sql:12: connection to server was lost
-------------------------------------------------------------------------------------------------
REPORTS - Run the SQL Reports (agg) :  Fri Oct 16 10:33:09 PDT 2015
-------------------------------------------------------------------------------------------------
-------------------------------------------------------------------------------------------------
REPORTS - Move and Transpose the Report Datasets (agg) :  Fri Oct 16 10:33:32 PDT 2015
-------------------------------------------------------------------------------------------------
-------------------------------------------------------------------------------------------------
PRODUCTIONALIZE - Copy Dashboard files for Production (agg) :  Fri Oct 16 10:33:32 PDT 2015
-------------------------------------------------------------------------------------------------
-------------------------------------------------------------------------------------------------
CLEANUP - Clean the tables created via ETL (agg) :  Fri Oct 16 10:33:32 PDT 2015
-------------------------------------------------------------------------------------------------
